acom -O3 -e 100 -work arthmetic_logic_unit -2008  $dsn/src/alu_entity.vhd $dsn/src/alu_arch_structural.vhd $dsn/src/TestBench/alu_TB.vhd
# Warning: DAGGEN_0523: The source is compiled without the -dbg switch. Line breakpoints and assertion debug will not be available.
# File: d:\Aldec\My_Designs\shadoyan_ALU_Project\arthmetic_logic_unit\src\alu_entity.vhd
# Compile Entity "alu"
# File: d:\Aldec\My_Designs\shadoyan_ALU_Project\arthmetic_logic_unit\src\alu_arch_structural.vhd
# Compile Architecture "behavior" of Entity "alu"
# File: d:\Aldec\My_Designs\shadoyan_ALU_Project\arthmetic_logic_unit\src\TestBench\alu_TB.vhd
# Compile Entity "alu_tb"
# Compile Architecture "TB_ARCHITECTURE" of Entity "alu_tb"
# Compile Configuration "TESTBENCH_FOR_alu"
# Compile success 0 Errors 0 Warnings  Analysis time :  78.0 [ms]
acom -O3 -e 100 -work arthmetic_logic_unit -2008  $dsn/src/alu_entity.vhd $dsn/src/alu_arch_structural.vhd $dsn/src/TestBench/alu_TB.vhd
# Warning: DAGGEN_0523: The source is compiled without the -dbg switch. Line breakpoints and assertion debug will not be available.
# File: d:\Aldec\My_Designs\shadoyan_ALU_Project\arthmetic_logic_unit\src\alu_entity.vhd
# Compile Entity "alu"
# File: d:\Aldec\My_Designs\shadoyan_ALU_Project\arthmetic_logic_unit\src\alu_arch_structural.vhd
# Compile Architecture "behavior" of Entity "alu"
# File: d:\Aldec\My_Designs\shadoyan_ALU_Project\arthmetic_logic_unit\src\TestBench\alu_TB.vhd
# Compile Entity "alu_tb"
# Compile Architecture "TB_ARCHITECTURE" of Entity "alu_tb"
# Compile Configuration "TESTBENCH_FOR_alu"
# Compile success 0 Errors 0 Warnings  Analysis time :  47.0 [ms]
asim -O5 +access +r +m+testbench_for_alu testbench_for_alu
# ELBREAD: Elaboration process.
# ELBREAD: Elaboration time 0.0 [s].
# VSIM: Stack memory: 32MB
# VSIM: Retval memory: 32MB
# 
# KERNEL: Main thread initiated.
# KERNEL: Kernel process initialization phase.
# KERNEL: Time resolution set to 1ps.
# ELAB2: Elaboration final pass...
# ELAB2: Create instances ...
# ELAB2: Create instances complete.
# SLP: Started
# SLP: Elaboration phase ...
# SLP: Elaboration phase ... skipped, nothing to simulate in SLP mode : 0.0 [s]
# SLP: Finished : 0.0 [s]
# ELAB2: Elaboration final pass complete - time: 0.0 [s].
# KERNEL: Warning: You are using the Active-HDL EDU Edition. The performance of simulation is running at a reduced rate.
# KERNEL: Warning: Contact Aldec for available upgrade options - sales@aldec.com.
# KERNEL: Kernel process initialization done.
# Allocation: Simulator allocated 7235 kB (elbread=1280 elab2=5813 kernel=140 sdf=0)
# KERNEL: ASDB file was created in location d:\Aldec\My_Designs\shadoyan_ALU_Project\arthmetic_logic_unit\src\wave.asdb
#  9:50 PM, Sunday, May 31, 2020
#  Simulation has been initialized
run 10 ns
# KERNEL: stopped at time: 10 ns
# Design: Design "functional_unit_lib" has been set as active.
# ELBREAD: Elaboration process.
# ELBREAD: Elaboration time 0.0 [s].
